<?xml version="1.0" encoding="UTF-8"?><testsuite failures="0" name="cucumber.runtime.formatter.JUnitFormatter" skipped="0" tests="1" time="37.710472">
<testcase classname="contact features" name="Contact page functionality" time="37.710472">
<system-out><![CDATA[Given initialize the browser and navigate to login page.....................passed
When user is using valid username and password..............................passed
Then user is logged in to application successfully..........................passed
When Customer click contacts option.........................................passed
Then customer navigate to contact page......................................passed
Then customer clicks on New button..........................................passed
Then customer enters firstname and lastname and save changes................passed
Then user close the browser instance........................................passed
]]></system-out>
</testcase>
</testsuite>
